# JRE version: Java(TM) SE Runtime Environment (8.0_20-b26) (build 1.8.0_20-b26)
# Java VM: Java HotSpot(TM) Server VM (25.20-b23 mixed mode linux-x86 )
Heap:
 PSYoungGen      total 35840K, used 11879K [0x91ac0000, 0x960c0000, 0xa7000000)
  eden space 33280K, 28% used [0x91ac0000,0x923db620,0x93b40000)
  from space 2560K, 99% used [0x93b40000,0x93dbe870,0x93dc0000)
  to   space 2560K, 0% used [0x95e40000,0x95e40000,0x960c0000)
 ParOldGen       total 43776K, used 4843K [0x67000000, 0x69ac0000, 0x91ac0000)
  object space 43776K, 11% used [0x67000000,0x674bad88,0x69ac0000)
 Metaspace       used 8016K, capacity 8111K, committed 8216K, reserved 8496K
GC Heap History (6 events):
Event: 0,723 GC heap before
{Heap before GC invocations=1 (full 0):
 PSYoungGen      total 19200K, used 16640K [0x91ac0000, 0x93000000, 0xa7000000)
  eden space 16640K, 100% used [0x91ac0000,0x92b00000,0x92b00000)
  from space 2560K, 0% used [0x92d80000,0x92d80000,0x93000000)
  to   space 2560K, 0% used [0x92b00000,0x92b00000,0x92d80000)
 ParOldGen       total 43776K, used 0K [0x67000000, 0x69ac0000, 0x91ac0000)
  object space 43776K, 0% used [0x67000000,0x67000000,0x69ac0000)
 Metaspace       used 4329K, capacity 4400K, committed 4504K, reserved 5424K
Event: 0,732 GC heap after
Heap after GC invocations=1 (full 0):
 PSYoungGen      total 19200K, used 2557K [0x91ac0000, 0x94040000, 0xa7000000)
  eden space 16640K, 0% used [0x91ac0000,0x91ac0000,0x92b00000)
  from space 2560K, 99% used [0x92b00000,0x92d7f7d8,0x92d80000)
  to   space 2560K, 0% used [0x93dc0000,0x93dc0000,0x94040000)
 ParOldGen       total 43776K, used 568K [0x67000000, 0x69ac0000, 0x91ac0000)
  object space 43776K, 1% used [0x67000000,0x6708e0c8,0x69ac0000)
 Metaspace       used 4329K, capacity 4400K, committed 4504K, reserved 5424K
}
Event: 1,084 GC heap before
{Heap before GC invocations=2 (full 0):
 PSYoungGen      total 19200K, used 19197K [0x91ac0000, 0x94040000, 0xa7000000)
  eden space 16640K, 100% used [0x91ac0000,0x92b00000,0x92b00000)
  from space 2560K, 99% used [0x92b00000,0x92d7f7d8,0x92d80000)
  to   space 2560K, 0% used [0x93dc0000,0x93dc0000,0x94040000)
 ParOldGen       total 43776K, used 568K [0x67000000, 0x69ac0000, 0x91ac0000)
  object space 43776K, 1% used [0x67000000,0x6708e0c8,0x69ac0000)
 Metaspace       used 5071K, capacity 5143K, committed 5272K, reserved 5424K
Event: 1,091 GC heap after
Heap after GC invocations=2 (full 0):
 PSYoungGen      total 35840K, used 2545K [0x91ac0000, 0x94040000, 0xa7000000)
  eden space 33280K, 0% used [0x91ac0000,0x91ac0000,0x93b40000)
  from space 2560K, 99% used [0x93dc0000,0x9403c6c0,0x94040000)
  to   space 2560K, 0% used [0x93b40000,0x93b40000,0x93dc0000)
 ParOldGen       total 43776K, used 576K [0x67000000, 0x69ac0000, 0x91ac0000)
  object space 43776K, 1% used [0x67000000,0x670900c8,0x69ac0000)
 Metaspace       used 5071K, capacity 5143K, committed 5272K, reserved 5424K
}
Event: 1,907 GC heap before
{Heap before GC invocations=3 (full 0):
 PSYoungGen      total 35840K, used 35825K [0x91ac0000, 0x94040000, 0xa7000000)
  eden space 33280K, 100% used [0x91ac0000,0x93b40000,0x93b40000)
  from space 2560K, 99% used [0x93dc0000,0x9403c6c0,0x94040000)
  to   space 2560K, 0% used [0x93b40000,0x93b40000,0x93dc0000)
 ParOldGen       total 43776K, used 576K [0x67000000, 0x69ac0000, 0x91ac0000)
  object space 43776K, 1% used [0x67000000,0x670900c8,0x69ac0000)
 Metaspace       used 7880K, capacity 8008K, committed 8088K, reserved 8496K
Event: 1,917 GC heap after
Heap after GC invocations=3 (full 0):
 PSYoungGen      total 35840K, used 2554K [0x91ac0000, 0x960c0000, 0xa7000000)
  eden space 33280K, 0% used [0x91ac0000,0x91ac0000,0x93b40000)
  from space 2560K, 99% used [0x93b40000,0x93dbe870,0x93dc0000)
  to   space 2560K, 0% used [0x95e40000,0x95e40000,0x960c0000)
 ParOldGen       total 43776K, used 4843K [0x67000000, 0x69ac0000, 0x91ac0000)
  object space 43776K, 11% used [0x67000000,0x674bad88,0x69ac0000)
 Metaspace       used 7880K, capacity 8008K, committed 8088K, reserved 8496K
}

